

HI-TECH Software 8051 Macro Assembler V9.60                                Page 1
                                                       Thu Jun 19 21:39:04 2025

     1                           	psect	idata,class=DATA,space=1,limit=080h
     2                           	psect	irdata,class=DATA,limit=080h
     3                           	global	_ChangeMode
     4                           	signat	_ChangeMode,88
     5                           	global	stack_internal
     6                           	psect	text,class=CODE
     7                           	psect	text
     8                           	file	"C:\Users\User\Desktop\pr8_new\pr8new_work
                                 space\project1\main.c"
     9                           	line	8
    10  00003                     _ChangeMode:
    11  00003  80 49              	j	f1421
    12  00005                     f1420:
    13                           ;main.c: 7: interrupt void ChangeMode(void)
    14                           
    15                           ;main.c: 8: {
    16                           
    17                           ;main.c: 9: if (Mode == 0) { Mode = 1; }
    18                           
    19                           	global	_Mode
    20                           	line	9
    21  00005  20 00  02          	bb	_Mode, u11
    22  00008  80 02              	jmp	u10
    23  0000A                     u11:
    24  0000A  80 04              	jmp	l3
    25  0000C                     u10:
    26  0000C  D2 00              	setb	_Mode
    27  0000E  80 02              	jmp	l4
    28                           	line	10
    29  00010                     l3:
    30                           ;main.c: 10: else { Mode = 0; }
    31                           
    32  00010  C2 00              	clr	_Mode
    33  00012                     l4:
    34                           ;main.c: 12: switch(Mode)
    35                           
    36                           	line	12
    37  00012  80 14              	jmp	l6
    38                           ;main.c: 13: {
    39                           
    40                           ;main.c: 14: case 0:
    41                           
    42                           	line	14
    43  00014                     l7:
    44                           ;main.c: 15: P0 = 0;
    45                           
    46                           	line	15
    47  00014  75 80 00           	mov	080h,#0
    48                           ;main.c: 16: P00 = 1;
    49                           
    50                           	line	16
    51  00017  D2 80              	setb	p0.0
    52                           ;main.c: 17: P01 = 1;
    53                           
    54                           	line	17
    55  00019  D2 81              	setb	p0.1
    56                           ;main.c: 18: break;
    57                           
    58                           	line	18
    59  0001B  80 20              	jmp	l5
    60                           ;main.c: 20: case 1:
    61                           
    62                           	line	20
    63  0001D                     l8:
    64                           ;main.c: 21: P0 = 0;
    65                           
    66                           	line	21
    67  0001D  75 80 00           	mov	080h,#0
    68                           ;main.c: 22: P02 = 1;
    69                           
    70                           	line	22
    71  00020  D2 82              	setb	p0.2
    72                           ;main.c: 23: P03 = 1;
    73                           
    74                           	line	23
    75  00022  D2 83              	setb	p0.3
    76                           ;main.c: 24: break;
    77                           
    78                           	line	24
    79  00024  80 17              	jmp	l5
    80                           ;main.c: 25: }
    81                           
    82                           	line	25
    83  00026  80 15              	jmp	l5
    84                           	line	12
    85  00028                     l6:
    86  00028  A2 00              	mov	c,_Mode
    87  0002A  E4                 	clr	a
    88  0002B  FE                 	mov	r6,a
    89  0002C  33                 	rlc	a
    90  0002D  FF                 	mov	r7,a
    91  0002E  80 08              	j	l30000
    92  00030                     l30001:
    93  00030  EF                 	mov	a,r7
    94  00031  60 E1              	bz	l7
    95  00033  14                 	dec	a
    96  00034  60 E7              	bz	l8
    97  00036  80 05              	j	l5
    98  00038                     l30000:
    99  00038  EE                 	mov	a,r6
   100  00039  60 F5              	bz	l30001
   101  0003B  80 00              	j	l5
   102                           
   103                           	line	25
   104  0003D                     l5:
   105                           ;main.c: 26: }
   106                           
   107                           	line	26
   108  0003D                     l2:
   109                           	FNROOT	_ChangeMode
   110  0003D  D0 00              	pop	0
   111  0003F  D0 01              	pop	1
   112  00041  D0 06              	pop	6
   113  00043  D0 07              	pop	7
   114  00045  D0 83              	pop	dph
   115  00047  D0 82              	pop	dpl
   116  00049  D0 E0              	pop	acc
   117  0004B  D0 D0              	pop	psw
   118  0004D  32                 	reti
   119  0004E                     f1421:
   120  0004E  C0 D0              	push	psw
   121  00050  C0 E0              	push	acc
   122  00052  C0 82              	push	dpl
   123  00054  C0 83              	push	dph
   124  00056  C0 07              	push	7
   125  00058  C0 06              	push	6
   126  0005A  C0 01              	push	1
   127  0005C  C0 00              	push	0
   128  0005E  80 A5              	j	f1420
   129  0000                     f1422	equ	0
   130                           	global	_main
   131                           	signat	_main,88
   132                           	line	29
   133  00060                     _main:
   134  00060  80 22              	j	f1431
   135  00062                     f1430:
   136                           ;main.c: 28: void main()
   137                           
   138                           ;main.c: 29: {
   139                           
   140                           ;main.c: 30: Mode = 0;
   141                           
   142                           	line	30
   143  00062  C2 00              	clr	_Mode
   144                           ;main.c: 32: IT0 = 0;
   145                           
   146                           	line	32
   147  00064  C2 88              	clr	tcon.0
   148                           ;main.c: 33: EX0 = 1;
   149                           
   150                           	line	33
   151  00066  D2 A8              	setb	ie.0
   152                           ;main.c: 34: EA = 1;
   153                           
   154                           	line	34
   155  00068  D2 AF              	setb	ie.7
   156                           ;main.c: 36: P0 = 0;
   157                           
   158                           	line	36
   159  0006A  75 80 00           	mov	080h,#0
   160                           ;main.c: 37: P00 = 1;
   161                           
   162                           	line	37
   163  0006D  D2 80              	setb	p0.0
   164                           ;main.c: 38: P01 = 1;
   165                           
   166                           	line	38
   167  0006F  D2 81              	setb	p0.1
   168                           ;main.c: 40: while(1)
   169                           
   170                           	line	40
   171  00071                     l11:
   172                           ;main.c: 41: {
   173                           
   174                           ;main.c: 42: P36 = 1;
   175                           
   176                           	line	42
   177  00071  D2 B6              	setb	p3.6
   178                           ;main.c: 43: P2 = P1;
   179                           
   180                           	line	43
   181  00073  85 90 A0           	mov	0A0h,090h
   182                           ;main.c: 44: while(P37) { }
   183                           
   184                           	line	44
   185  00076  80 00              	jmp	l13
   186  00078                     l14:
   187  00078                     l13:
   188  00078  20 B7 02           	bb	p3.7, u21
   189  0007B  80 02              	jmp	u20
   190  0007D                     u21:
   191  0007D  80 F9              	jmp	l14
   192  0007F                     u20:
   193  0007F                     l15:
   194                           ;main.c: 45: P36 = 0;
   195                           
   196                           	line	45
   197  0007F  C2 B6              	clr	p3.6
   198                           	line	46
   199  00081                     l10:
   200                           	line	40
   201  00081  80 EE              	jmp	l11
   202  00083                     l12:
   203                           ;main.c: 46: }
   204                           
   205                           ;main.c: 47: }
   206                           
   207                           	line	47
   208  00083                     l9:
   209  00083  22                 	ret
   210  00084                     f1431:
   211  00084  80 DC              	j	f1430
   212  0000                     f1432	equ	0
   213  0000                     _A10	equ	162
   214  0000                     _A11	equ	163
   215  0000                     _A12	equ	164
   216  0000                     _A13	equ	165
   217  0000                     _A14	equ	166
   218  0000                     _A15	equ	167
   219  0000                     _A8	equ	160
   220  0000                     _A9	equ	161
   221  0000                     _AC	equ	214
   222  0000                     _ACC0	equ	224
   223  0000                     _ACC1	equ	225
   224  0000                     _ACC2	equ	226
   225  0000                     _ACC3	equ	227
   226  0000                     _ACC4	equ	228
   227  0000                     _ACC5	equ	229
   228  0000                     _ACC6	equ	230
   229  0000                     _ACC7	equ	231
   230  0000                     _AD0	equ	128
   231  0000                     _AD1	equ	129
   232  0000                     _AD2	equ	130
   233  0000                     _AD3	equ	131
   234  0000                     _AD4	equ	132
   235  0000                     _AD5	equ	133
   236  0000                     _AD6	equ	134
   237  0000                     _AD7	equ	135
   238  0000                     _B0	equ	240
   239  0000                     _B1	equ	241
   240  0000                     _B2	equ	242
   241  0000                     _B3	equ	243
   242  0000                     _B4	equ	244
   243  0000                     _B5	equ	245
   244  0000                     _B6	equ	246
   245  0000                     _B7	equ	247
   246  0000                     _CY	equ	215
   247  0000                     _EA	equ	175
   248  0000                     _ES	equ	172
   249  0000                     _ET0	equ	169
   250  0000                     _ET1	equ	171
   251  0000                     _EX0	equ	168
   252  0000                     _EX1	equ	170
   253  0000                     _F0	equ	213
   254  0000                     _IE0	equ	137
   255  0000                     _IE1	equ	139
   256  0000                     _INT0	equ	178
   257  0000                     _INT1	equ	179
   258  0000                     _IT0	equ	136
   259  0000                     _IT1	equ	138
   260                           	psect	rbit,bit,class=BITSEG,space=1
   261                           	psect	rbit
   262                           	global	_Mode
   263  00000                     _Mode:
   264  00000                     	ds	1
   265  0000                     _OV	equ	210
   266  0000                     _P	equ	208
   267  0000                     _P00	equ	128
   268  0000                     _P01	equ	129
   269  0000                     _P02	equ	130
   270  0000                     _P03	equ	131
   271  0000                     _P04	equ	132
   272  0000                     _P05	equ	133
   273  0000                     _P06	equ	134
   274  0000                     _P07	equ	135
   275  0000                     _P10	equ	144
   276  0000                     _P11	equ	145
   277  0000                     _P12	equ	146
   278  0000                     _P13	equ	147
   279  0000                     _P14	equ	148
   280  0000                     _P15	equ	149
   281  0000                     _P16	equ	150
   282  0000                     _P17	equ	151
   283  0000                     _P20	equ	160
   284  0000                     _P21	equ	161
   285  0000                     _P22	equ	162
   286  0000                     _P23	equ	163
   287  0000                     _P24	equ	164
   288  0000                     _P25	equ	165
   289  0000                     _P26	equ	166
   290  0000                     _P27	equ	167
   291  0000                     _P30	equ	176
   292  0000                     _P31	equ	177
   293  0000                     _P32	equ	178
   294  0000                     _P33	equ	179
   295  0000                     _P34	equ	180
   296  0000                     _P35	equ	181
   297  0000                     _P36	equ	182
   298  0000                     _P37	equ	183
   299  0000                     _PS	equ	188
   300  0000                     _PT0	equ	185
   301  0000                     _PT1	equ	187
   302  0000                     _PX0	equ	184
   303  0000                     _PX1	equ	186
   304  0000                     _RB8	equ	154
   305  0000                     _RD	equ	183
   306  0000                     _REN	equ	156
   307  0000                     _RI	equ	152
   308  0000                     _RS0	equ	211
   309  0000                     _RS1	equ	212
   310  0000                     _RXD	equ	176
   311  0000                     _SM0	equ	159
   312  0000                     _SM1	equ	158
   313  0000                     _SM2	equ	157
   314  0000                     _T0	equ	180
   315  0000                     _T1	equ	181
   316  0000                     _TB8	equ	155
   317  0000                     _TF0	equ	141
   318  0000                     _TF1	equ	143
   319  0000                     _TI	equ	153
   320  0000                     _TR0	equ	140
   321  0000                     _TR1	equ	142
   322  0000                     _TXD	equ	177
   323  0000                     _WR	equ	182
   324  0000                     _ACC	equ	224
   325  0000                     _B	equ	240
   326  0000                     _DPH	equ	131
   327  0000                     _DPL	equ	130
   328  0000                     _IE	equ	168
   329  0000                     _IP	equ	184
   330  0000                     _P0	equ	128
   331  0000                     _P1	equ	144
   332  0000                     _P2	equ	160
   333  0000                     _P3	equ	176
   334  0000                     _PCON	equ	135
   335  0000                     _PSW	equ	208
   336  0000                     _SBUF	equ	153
   337  0000                     _SCON	equ	152
   338  0000                     _SP	equ	129
   339  0000                     _TCON	equ	136
   340  0000                     _TH0	equ	140
   341  0000                     _TH1	equ	141
   342  0000                     _TL0	equ	138
   343  0000                     _TL1	equ	139
   344  0000                     _TMOD	equ	137
   345  0000                     _ACC_BITS	equ	224
   346  0000                     _B_BITS	equ	240
   347  0000                     _IE_BITS	equ	168
   348  0000                     _IP_BITS	equ	184
   349  0000                     _P0_BITS	equ	128
   350  0000                     _P1_BITS	equ	144
   351  0000                     _P2_BITS	equ	160
   352  0000                     _P3_BITS	equ	176
   353  0000                     _PCON_BITS	equ	135
   354  0000                     _PSW_BITS	equ	208
   355  0000                     _SCON_BITS	equ	152
   356  0000                     _TCON_BITS	equ	136
   357  0000                     _TMOD_BITS	equ	137


HI-TECH Software 8051 Macro Assembler V9.60                                Page 2
Symbol Table                                           Thu Jun 19 21:39:04 2025

            _B 000F0              l2 0003D              l3 00010  
            l4 00012              l5 0003D              _P 000D0  
            l6 00028              l7 00014              l8 0001D  
            l9 00083             _B0 000F0             _B1 000F1  
           _B2 000F2             _B3 000F3             _B4 000F4  
           _B5 000F5             _B6 000F6             _A8 000A0  
           _B7 000F7             _A9 000A1             _F0 000D5  
           _AC 000D6             l10 00081             l11 00071  
           l12 00083             l13 00078             l14 00078  
           _EA 000AF             l15 0007F             _P0 00080  
           _P1 00090             _P2 000A0             _P3 000B0  
           _IE 000A8             _T0 000B4             _T1 000B5  
           _ES 000AC             _CY 000D7             _IP 000B8  
           _RD 000B7             u10 0000C             u11 0000A  
           u20 0007F             _RI 00098             u21 0007D  
           _TI 00099             _PS 000BC             _OV 000D2  
           _SP 00081             _WR 000B6         _B_BITS 000F0  
          _A10 000A2            _A11 000A3            _A12 000A4  
          _A13 000A5            _A14 000A6            _A15 000A7  
          _AD0 00080            _AD1 00081            _AD2 00082  
          _AD3 00083            _AD4 00084            _AD5 00085  
          _AD6 00086            _AD7 00087            _ACC 000E0  
          _P00 00080            _P01 00081            _P10 00090  
          _P02 00082            _P11 00091            _P03 00083  
          _P20 000A0            _P12 00092            _P04 00084  
          _P21 000A1            _P13 00093            _P05 00085  
          _P30 000B0            _P22 000A2            _P14 00094  
          _P06 00086            _P31 000B1            _P23 000A3  
          _P15 00095            _P07 00087            _P32 000B2  
          _P24 000A4            _P16 00096            _P33 000B3  
          _P25 000A5            _P17 00097            _P34 000B4  
          _P26 000A6            _P35 000B5            _P27 000A7  
          _P36 000B6            _P37 000B7            _IE0 00089  
          _IE1 0008B            _ET0 000A9            _ET1 000AB  
          _EX0 000A8            _EX1 000AA            _DPH 00083  
          _DPL 00082            _IT0 00088            _IT1 0008A  
          _RB8 0009A            _TF0 0008D            _TB8 0009B  
          _TF1 0008F            _TH0 0008C            _TH1 0008D  
          _SM0 0009F            _SM1 0009E            _TL0 0008A  
          _SM2 0009D            _PT0 000B9            _TL1 0008B  
          _PT1 000BB            _RS0 000D3            _RS1 000D4  
          _REN 0009C            _PX0 000B8            _PX1 000BA  
          _TR0 0008C            _TR1 0008E            _RXD 000B0  
          _PSW 000D0            _TXD 000B1        _P0_BITS 00080  
      _P1_BITS 00090        _P2_BITS 000A0        _P3_BITS 000B0  
      _IE_BITS 000A8       _ACC_BITS 000E0        _IP_BITS 000B8  
         f1420 00005           f1421 0004E           f1430 00062  
         f1422 00000           f1431 00084           f1432 00000  
         _ACC0 000E0           _ACC1 000E1           _ACC2 000E2  
         _ACC3 000E3           _ACC4 000E4           _ACC5 000E5  
         _ACC6 000E6           _ACC7 000E7  stack_internal 00001  
         _INT0 000B2           _INT1 000B3           _PCON 00087  
         _SCON 00098           _SBUF 00099           _TCON 00088  
         _TMOD 00089           _Mode 00000           _main 00060  
   _ChangeMode 00003          l30000 00038          l30001 00030  
     _PSW_BITS 000D0      _PCON_BITS 00087      _SCON_BITS 00098  
    _TCON_BITS 00088      _TMOD_BITS 00089  
